0 info it worked if it ends with ok
1 verbose cli [ '/usr/bin/node',
1 verbose cli   '/usr/bin/npm',
1 verbose cli   'install',
1 verbose cli   'express',
1 verbose cli   'body-parser',
1 verbose cli   'morgan',
1 verbose cli   'mongoose',
1 verbose cli   'jsonwebtoken',
1 verbose cli   '--save' ]
2 info using npm@1.4.28
3 info using node@v0.10.37
4 verbose node symlink /usr/bin/node
5 warn package.json node-token-jwt@ No description
6 warn package.json node-token-jwt@ No repository field.
7 warn package.json node-token-jwt@ No README data
8 verbose readDependencies using package.json deps
9 verbose cache add [ 'express', null ]
10 verbose cache add name=undefined spec="express" args=["express",null]
11 verbose parsed url { protocol: null,
11 verbose parsed url   slashes: null,
11 verbose parsed url   auth: null,
11 verbose parsed url   host: null,
11 verbose parsed url   port: null,
11 verbose parsed url   hostname: null,
11 verbose parsed url   hash: null,
11 verbose parsed url   search: null,
11 verbose parsed url   query: null,
11 verbose parsed url   pathname: 'express',
11 verbose parsed url   path: 'express',
11 verbose parsed url   href: 'express' }
12 verbose cache add [ 'body-parser', null ]
13 verbose cache add name=undefined spec="body-parser" args=["body-parser",null]
14 verbose parsed url { protocol: null,
14 verbose parsed url   slashes: null,
14 verbose parsed url   auth: null,
14 verbose parsed url   host: null,
14 verbose parsed url   port: null,
14 verbose parsed url   hostname: null,
14 verbose parsed url   hash: null,
14 verbose parsed url   search: null,
14 verbose parsed url   query: null,
14 verbose parsed url   pathname: 'body-parser',
14 verbose parsed url   path: 'body-parser',
14 verbose parsed url   href: 'body-parser' }
15 verbose cache add [ 'morgan', null ]
16 verbose cache add name=undefined spec="morgan" args=["morgan",null]
17 verbose parsed url { protocol: null,
17 verbose parsed url   slashes: null,
17 verbose parsed url   auth: null,
17 verbose parsed url   host: null,
17 verbose parsed url   port: null,
17 verbose parsed url   hostname: null,
17 verbose parsed url   hash: null,
17 verbose parsed url   search: null,
17 verbose parsed url   query: null,
17 verbose parsed url   pathname: 'morgan',
17 verbose parsed url   path: 'morgan',
17 verbose parsed url   href: 'morgan' }
18 verbose cache add [ 'mongoose', null ]
19 verbose cache add name=undefined spec="mongoose" args=["mongoose",null]
20 verbose parsed url { protocol: null,
20 verbose parsed url   slashes: null,
20 verbose parsed url   auth: null,
20 verbose parsed url   host: null,
20 verbose parsed url   port: null,
20 verbose parsed url   hostname: null,
20 verbose parsed url   hash: null,
20 verbose parsed url   search: null,
20 verbose parsed url   query: null,
20 verbose parsed url   pathname: 'mongoose',
20 verbose parsed url   path: 'mongoose',
20 verbose parsed url   href: 'mongoose' }
21 verbose cache add [ 'jsonwebtoken', null ]
22 verbose cache add name=undefined spec="jsonwebtoken" args=["jsonwebtoken",null]
23 verbose parsed url { protocol: null,
23 verbose parsed url   slashes: null,
23 verbose parsed url   auth: null,
23 verbose parsed url   host: null,
23 verbose parsed url   port: null,
23 verbose parsed url   hostname: null,
23 verbose parsed url   hash: null,
23 verbose parsed url   search: null,
23 verbose parsed url   query: null,
23 verbose parsed url   pathname: 'jsonwebtoken',
23 verbose parsed url   path: 'jsonwebtoken',
23 verbose parsed url   href: 'jsonwebtoken' }
24 silly lockFile f3c62de4-express express
25 verbose lock express /home/ads/.npm/f3c62de4-express.lock
26 silly lockFile 14cf125c-body-parser body-parser
27 verbose lock body-parser /home/ads/.npm/14cf125c-body-parser.lock
28 silly lockFile 519bc3f0-morgan morgan
29 verbose lock morgan /home/ads/.npm/519bc3f0-morgan.lock
30 silly lockFile f25dbdd3-mongoose mongoose
31 verbose lock mongoose /home/ads/.npm/f25dbdd3-mongoose.lock
32 silly lockFile fb3a83e6-jsonwebtoken jsonwebtoken
33 verbose lock jsonwebtoken /home/ads/.npm/fb3a83e6-jsonwebtoken.lock
34 silly lockFile f3c62de4-express express
35 silly lockFile f3c62de4-express express
36 silly lockFile fb3a83e6-jsonwebtoken jsonwebtoken
37 silly lockFile fb3a83e6-jsonwebtoken jsonwebtoken
38 silly lockFile 14cf125c-body-parser body-parser
39 silly lockFile 14cf125c-body-parser body-parser
40 verbose addNamed [ 'express', '' ]
41 verbose addNamed [ null, '*' ]
42 silly lockFile 64a534c1-express express@
43 verbose lock express@ /home/ads/.npm/64a534c1-express.lock
44 verbose addNamed [ 'jsonwebtoken', '' ]
45 verbose addNamed [ null, '*' ]
46 silly lockFile 500149be-jsonwebtoken jsonwebtoken@
47 verbose lock jsonwebtoken@ /home/ads/.npm/500149be-jsonwebtoken.lock
48 verbose addNamed [ 'body-parser', '' ]
49 verbose addNamed [ null, '*' ]
50 silly lockFile 9f665704-body-parser body-parser@
51 verbose lock body-parser@ /home/ads/.npm/9f665704-body-parser.lock
52 silly lockFile 519bc3f0-morgan morgan
53 silly lockFile 519bc3f0-morgan morgan
54 silly lockFile f25dbdd3-mongoose mongoose
55 silly lockFile f25dbdd3-mongoose mongoose
56 silly addNameRange { name: 'express', range: '*', hasData: false }
57 silly addNameRange { name: 'jsonwebtoken', range: '*', hasData: false }
58 verbose addNamed [ 'morgan', '' ]
59 verbose addNamed [ null, '*' ]
60 silly lockFile aca3bbc6-morgan morgan@
61 verbose lock morgan@ /home/ads/.npm/aca3bbc6-morgan.lock
62 verbose addNamed [ 'mongoose', '' ]
63 verbose addNamed [ null, '*' ]
64 silly lockFile 3bb0fc31-mongoose mongoose@
65 verbose lock mongoose@ /home/ads/.npm/3bb0fc31-mongoose.lock
66 silly addNameRange { name: 'body-parser', range: '*', hasData: false }
67 silly addNameRange { name: 'morgan', range: '*', hasData: false }
68 silly addNameRange { name: 'mongoose', range: '*', hasData: false }
69 verbose request where is /jsonwebtoken
70 verbose request registry https://registry.npmjs.org/
71 verbose request id 79134ef91197e04f
72 verbose url raw /jsonwebtoken
73 verbose url resolving [ 'https://registry.npmjs.org/', './jsonwebtoken' ]
74 verbose url resolved https://registry.npmjs.org/jsonwebtoken
75 verbose request where is https://registry.npmjs.org/jsonwebtoken
76 info trying registry request attempt 1 at 15:52:26
77 verbose etag "F2MY2D4DNTIDTL4O8OZLUSZS7"
78 http GET https://registry.npmjs.org/jsonwebtoken
79 verbose request where is /express
80 verbose request registry https://registry.npmjs.org/
81 verbose url raw /express
82 verbose url resolving [ 'https://registry.npmjs.org/', './express' ]
83 verbose url resolved https://registry.npmjs.org/express
84 verbose request where is https://registry.npmjs.org/express
85 info trying registry request attempt 1 at 15:52:26
86 verbose etag "3B547NZUKQ4IJNS13FHEYK1FJ"
87 http GET https://registry.npmjs.org/express
88 verbose request where is /body-parser
89 verbose request registry https://registry.npmjs.org/
90 verbose url raw /body-parser
91 verbose url resolving [ 'https://registry.npmjs.org/', './body-parser' ]
92 verbose url resolved https://registry.npmjs.org/body-parser
93 verbose request where is https://registry.npmjs.org/body-parser
94 info trying registry request attempt 1 at 15:52:26
95 verbose etag "3MAFWPHZJIUH7FJ545IA4ELTL"
96 http GET https://registry.npmjs.org/body-parser
97 verbose request where is /morgan
98 verbose request registry https://registry.npmjs.org/
99 verbose url raw /morgan
100 verbose url resolving [ 'https://registry.npmjs.org/', './morgan' ]
101 verbose url resolved https://registry.npmjs.org/morgan
102 verbose request where is https://registry.npmjs.org/morgan
103 info trying registry request attempt 1 at 15:52:26
104 verbose etag "CGSHXW6VWDUKN4WHV4GOJXYH8"
105 http GET https://registry.npmjs.org/morgan
106 verbose request where is /mongoose
107 verbose request registry https://registry.npmjs.org/
108 verbose url raw /mongoose
109 verbose url resolving [ 'https://registry.npmjs.org/', './mongoose' ]
110 verbose url resolved https://registry.npmjs.org/mongoose
111 verbose request where is https://registry.npmjs.org/mongoose
112 info trying registry request attempt 1 at 15:52:26
113 verbose etag "697QR2S8QN33NB0I3Q25CUVA1"
114 http GET https://registry.npmjs.org/mongoose
115 http 304 https://registry.npmjs.org/jsonwebtoken
116 silly registry.get cb [ 304,
116 silly registry.get   { date: 'Tue, 14 Jun 2016 10:22:47 GMT',
116 silly registry.get     via: '1.1 varnish',
116 silly registry.get     'cache-control': 'max-age=300',
116 silly registry.get     etag: '"F2MY2D4DNTIDTL4O8OZLUSZS7"',
116 silly registry.get     age: '72',
116 silly registry.get     connection: 'keep-alive',
116 silly registry.get     'x-served-by': 'cache-sin6920-SIN',
116 silly registry.get     'x-cache': 'HIT',
116 silly registry.get     'x-cache-hits': '21',
116 silly registry.get     'x-timer': 'S1465899767.153292,VS0,VE0',
116 silly registry.get     vary: 'Accept-Encoding' } ]
117 verbose etag https://registry.npmjs.org/jsonwebtoken from cache
118 http 304 https://registry.npmjs.org/express
119 silly registry.get cb [ 304,
119 silly registry.get   { date: 'Tue, 14 Jun 2016 10:22:47 GMT',
119 silly registry.get     via: '1.1 varnish',
119 silly registry.get     'cache-control': 'max-age=300',
119 silly registry.get     etag: '"3B547NZUKQ4IJNS13FHEYK1FJ"',
119 silly registry.get     age: '149',
119 silly registry.get     connection: 'keep-alive',
119 silly registry.get     'x-served-by': 'cache-sin6924-SIN',
119 silly registry.get     'x-cache': 'HIT',
119 silly registry.get     'x-cache-hits': '6',
119 silly registry.get     'x-timer': 'S1465899767.153315,VS0,VE0',
119 silly registry.get     vary: 'Accept-Encoding' } ]
120 verbose etag https://registry.npmjs.org/express from cache
121 silly addNameRange number 2 { name: 'jsonwebtoken', range: '*', hasData: true }
122 silly addNameRange versions [ 'jsonwebtoken',
122 silly addNameRange   [ '0.1.0',
122 silly addNameRange     '0.2.0',
122 silly addNameRange     '0.3.0',
122 silly addNameRange     '0.4.0',
122 silly addNameRange     '0.4.1',
122 silly addNameRange     '1.0.0',
122 silly addNameRange     '1.0.2',
122 silly addNameRange     '1.1.0',
122 silly addNameRange     '1.1.1',
122 silly addNameRange     '1.1.2',
122 silly addNameRange     '1.2.0',
122 silly addNameRange     '1.3.0',
122 silly addNameRange     '2.0.0',
122 silly addNameRange     '3.0.0',
122 silly addNameRange     '3.1.0',
122 silly addNameRange     '3.1.1',
122 silly addNameRange     '3.2.0',
122 silly addNameRange     '3.2.1',
122 silly addNameRange     '3.2.2',
122 silly addNameRange     '4.0.0',
122 silly addNameRange     '4.1.0',
122 silly addNameRange     '4.2.0',
122 silly addNameRange     '4.2.1',
122 silly addNameRange     '4.2.2',
122 silly addNameRange     '5.0.0',
122 silly addNameRange     '5.0.1',
122 silly addNameRange     '5.0.2',
122 silly addNameRange     '5.0.3',
122 silly addNameRange     '5.0.4',
122 silly addNameRange     '5.0.5',
122 silly addNameRange     '5.1.0',
122 silly addNameRange     '5.2.0',
122 silly addNameRange     '5.3.1',
122 silly addNameRange     '5.4.0',
122 silly addNameRange     '5.4.1',
122 silly addNameRange     '5.5.0',
122 silly addNameRange     '5.5.1',
122 silly addNameRange     '5.5.2',
122 silly addNameRange     '5.5.3',
122 silly addNameRange     '5.5.4',
122 silly addNameRange     '5.6.0',
122 silly addNameRange     '5.6.2',
122 silly addNameRange     '5.7.0',
122 silly addNameRange     '6.0.0',
122 silly addNameRange     '6.0.1',
122 silly addNameRange     '6.1.0',
122 silly addNameRange     '6.1.1',
122 silly addNameRange     '6.1.2',
122 silly addNameRange     '6.2.0',
122 silly addNameRange     '7.0.0' ] ]
123 verbose addNamed [ 'jsonwebtoken', '7.0.0' ]
124 verbose addNamed [ '7.0.0', '7.0.0' ]
125 silly lockFile 11e4b76a-jsonwebtoken-7-0-0 jsonwebtoken@7.0.0
126 verbose lock jsonwebtoken@7.0.0 /home/ads/.npm/11e4b76a-jsonwebtoken-7-0-0.lock
127 http 200 https://registry.npmjs.org/morgan
128 silly registry.get cb [ 200,
128 silly registry.get   { server: 'CouchDB/1.5.0 (Erlang OTP/R16B03)',
128 silly registry.get     etag: '"AY1STTRT9G6BCYTEUPWIA3K9K"',
128 silly registry.get     'content-type': 'application/json',
128 silly registry.get     'content-encoding': 'gzip',
128 silly registry.get     'cache-control': 'max-age=300',
128 silly registry.get     'content-length': '8927',
128 silly registry.get     'accept-ranges': 'bytes',
128 silly registry.get     date: 'Tue, 14 Jun 2016 10:22:47 GMT',
128 silly registry.get     via: '1.1 varnish',
128 silly registry.get     age: '208',
128 silly registry.get     connection: 'keep-alive',
128 silly registry.get     'x-served-by': 'cache-sin6920-SIN',
128 silly registry.get     'x-cache': 'HIT',
128 silly registry.get     'x-cache-hits': '4',
128 silly registry.get     'x-timer': 'S1465899767.163820,VS0,VE0',
128 silly registry.get     vary: 'Accept-Encoding' } ]
129 silly addNameRange number 2 { name: 'express', range: '*', hasData: true }
130 silly addNameRange versions [ 'express',
130 silly addNameRange   [ '0.14.0',
130 silly addNameRange     '0.14.1',
130 silly addNameRange     '1.0.0',
130 silly addNameRange     '1.0.1',
130 silly addNameRange     '1.0.2',
130 silly addNameRange     '1.0.3',
130 silly addNameRange     '1.0.4',
130 silly addNameRange     '1.0.5',
130 silly addNameRange     '1.0.6',
130 silly addNameRange     '1.0.7',
130 silly addNameRange     '1.0.8',
130 silly addNameRange     '2.0.0',
130 silly addNameRange     '2.1.0',
130 silly addNameRange     '2.1.1',
130 silly addNameRange     '2.2.0',
130 silly addNameRange     '2.2.1',
130 silly addNameRange     '2.2.2',
130 silly addNameRange     '2.3.0',
130 silly addNameRange     '2.3.1',
130 silly addNameRange     '2.3.2',
130 silly addNameRange     '2.3.3',
130 silly addNameRange     '2.3.4',
130 silly addNameRange     '2.3.5',
130 silly addNameRange     '2.3.6',
130 silly addNameRange     '2.3.7',
130 silly addNameRange     '2.3.8',
130 silly addNameRange     '2.3.9',
130 silly addNameRange     '2.3.10',
130 silly addNameRange     '2.3.11',
130 silly addNameRange     '2.3.12',
130 silly addNameRange     '2.4.0',
130 silly addNameRange     '2.4.1',
130 silly addNameRange     '2.4.2',
130 silly addNameRange     '2.4.3',
130 silly addNameRange     '2.4.4',
130 silly addNameRange     '2.4.5',
130 silly addNameRange     '2.4.6',
130 silly addNameRange     '2.4.7',
130 silly addNameRange     '2.5.0',
130 silly addNameRange     '2.5.1',
130 silly addNameRange     '2.5.2',
130 silly addNameRange     '2.5.3',
130 silly addNameRange     '2.5.4',
130 silly addNameRange     '2.5.5',
130 silly addNameRange     '2.5.6',
130 silly addNameRange     '2.5.7',
130 silly addNameRange     '2.5.8',
130 silly addNameRange     '2.5.9',
130 silly addNameRange     '2.5.10',
130 silly addNameRange     '2.5.11',
130 silly addNameRange     '3.0.0',
130 silly addNameRange     '3.0.1',
130 silly addNameRange     '3.0.2',
130 silly addNameRange     '3.0.3',
130 silly addNameRange     '3.0.4',
130 silly addNameRange     '3.0.5',
130 silly addNameRange     '3.0.6',
130 silly addNameRange     '3.1.0',
130 silly addNameRange     '3.1.1',
130 silly addNameRange     '3.1.2',
130 silly addNameRange     '3.2.0',
130 silly addNameRange     '3.2.1',
130 silly addNameRange     '3.2.2',
130 silly addNameRange     '3.2.3',
130 silly addNameRange     '3.2.4',
130 silly addNameRange     '3.2.5',
130 silly addNameRange     '3.2.6',
130 silly addNameRange     '3.3.0',
130 silly addNameRange     '3.3.1',
130 silly addNameRange     '3.3.2',
130 silly addNameRange     '3.3.3',
130 silly addNameRange     '3.3.4',
130 silly addNameRange     '3.3.5',
130 silly addNameRange     '3.3.6',
130 silly addNameRange     '1.0.0-beta',
130 silly addNameRange     '1.0.0-beta2',
130 silly addNameRange     '1.0.0-rc',
130 silly addNameRange     '1.0.0-rc2',
130 silly addNameRange     '1.0.0-rc3',
130 silly addNameRange     '1.0.0-rc4',
130 silly addNameRange     '2.0.0-beta',
130 silly addNameRange     '2.0.0-beta2',
130 silly addNameRange     '2.0.0-beta3',
130 silly addNameRange     '2.0.0-rc',
130 silly addNameRange     '2.0.0-rc2',
130 silly addNameRange     '2.0.0-rc3',
130 silly addNameRange     '3.0.0-alpha1',
130 silly addNameRange     '3.0.0-alpha2',
130 silly addNameRange     '3.0.0-alpha3',
130 silly addNameRange     '3.0.0-alpha4',
130 silly addNameRange     '3.0.0-alpha5',
130 silly addNameRange     '3.0.0-beta1',
130 silly addNameRange     '3.0.0-beta2',
130 silly addNameRange     '3.0.0-beta3',
130 silly addNameRange     '3.0.0-beta4',
130 silly addNameRange     '3.0.0-beta6',
130 silly addNameRange     '3.0.0-beta7',
130 silly addNameRange     '3.0.0-rc1',
130 silly addNameRange     '3.0.0-rc2',
130 silly addNameRange     '3.0.0-rc3',
130 silly addNameRange     '3.0.0-rc4',
130 silly addNameRange     '3.0.0-rc5',
130 silly addNameRange     '3.3.7',
130 silly addNameRange     '3.3.8',
130 silly addNameRange     '3.4.0',
130 silly addNameRange     '3.4.1',
130 silly addNameRange     '3.4.2',
130 silly addNameRange     '3.4.3',
130 silly addNameRange     '3.4.4',
130 silly addNameRange     '3.4.5',
130 silly addNameRange     '3.4.6',
130 silly addNameRange     '3.4.7',
130 silly addNameRange     '3.4.8',
130 silly addNameRange     '4.0.0-rc1',
130 silly addNameRange     '4.0.0-rc2',
130 silly addNameRange     '3.5.0',
130 silly addNameRange     '4.0.0-rc3',
130 silly addNameRange     '4.0.0-rc4',
130 silly addNameRange     '3.5.1',
130 silly addNameRange     '4.0.0',
130 silly addNameRange     '3.5.2',
130 silly addNameRange     '4.1.0',
130 silly addNameRange     '4.1.1',
130 silly addNameRange     '3.5.3',
130 silly addNameRange     '4.1.2',
130 silly addNameRange     '3.6.0',
130 silly addNameRange     '4.2.0',
130 silly addNameRange     '3.7.0',
130 silly addNameRange     '3.8.0',
130 silly addNameRange     '4.3.0',
130 silly addNameRange     '4.3.1',
130 silly addNameRange     '3.8.1',
130 silly addNameRange     '4.3.2',
130 silly addNameRange     '3.9.0',
130 silly addNameRange     '4.4.0',
130 silly addNameRange     '4.4.1',
130 silly addNameRange     '3.10.0',
130 silly addNameRange     '3.10.1',
130 silly addNameRange     '3.10.2',
130 silly addNameRange     '3.10.3',
130 silly addNameRange     '3.10.4',
130 silly addNameRange     '4.4.2',
130 silly addNameRange     '3.10.5',
130 silly addNameRange     '4.4.3',
130 silly addNameRange     '3.11.0',
130 silly addNameRange     '4.4.4',
130 silly addNameRange     '3.12.0',
130 silly addNameRange     '3.12.1',
130 silly addNameRange     '4.4.5',
130 silly addNameRange     '3.13.0',
130 silly addNameRange     '4.5.0',
130 silly addNameRange     '4.5.1',
130 silly addNameRange     '3.14.0',
130 silly addNameRange     '4.6.0',
130 silly addNameRange     '4.6.1',
130 silly addNameRange     '3.15.0',
130 silly addNameRange     '4.7.0',
130 silly addNameRange     '3.15.1',
130 silly addNameRange     '4.7.1',
130 silly addNameRange     '3.15.2',
130 silly addNameRange     '4.7.2',
130 silly addNameRange     '4.7.3',
130 silly addNameRange     '3.15.3',
130 silly addNameRange     '4.7.4',
130 silly addNameRange     '3.16.0',
130 silly addNameRange     '4.8.0',
130 silly addNameRange     '3.16.1',
130 silly addNameRange     '4.8.1',
130 silly addNameRange     '3.16.2',
130 silly addNameRange     '4.8.2',
130 silly addNameRange     '3.16.3',
130 silly addNameRange     '3.16.4',
130 silly addNameRange     '4.8.3',
130 silly addNameRange     '3.16.5',
130 silly addNameRange     '3.16.6',
130 silly addNameRange     '4.8.4',
130 silly addNameRange     '3.16.7',
130 silly addNameRange     '4.8.5',
130 silly addNameRange     '3.16.8',
130 silly addNameRange     '4.8.6',
130 silly addNameRange     '3.16.9',
130 silly addNameRange     '4.8.7',
130 silly addNameRange     '3.16.10',
130 silly addNameRange     '4.8.8',
130 silly addNameRange     '3.17.0',
130 silly addNameRange     '3.17.1',
130 silly addNameRange     '4.9.0',
130 silly addNameRange     '3.17.2',
130 silly addNameRange     '4.9.1',
130 silly addNameRange     '4.9.2',
130 silly addNameRange     '3.17.3',
130 silly addNameRange     '4.9.3',
130 silly addNameRange     '3.17.4',
130 silly addNameRange     '4.9.4',
130 silly addNameRange     '3.17.5',
130 silly addNameRange     '4.9.5',
130 silly addNameRange     '3.17.6',
130 silly addNameRange     '3.17.7',
130 silly addNameRange     '4.9.6',
130 silly addNameRange     '4.9.7',
130 silly addNameRange     '3.17.8',
130 silly addNameRange     '4.9.8',
130 silly addNameRange     '3.18.0',
130 silly addNameRange     '3.18.1',
130 silly addNameRange     '4.10.0',
130 silly addNameRange     '3.18.2',
130 silly addNameRange     '4.10.1',
130 silly addNameRange     '5.0.0-alpha.1',
130 silly addNameRange     '3.18.3',
130 silly addNameRange     '4.10.2',
130 silly addNameRange     '3.18.4',
130 silly addNameRange     '4.10.3',
130 silly addNameRange     '4.10.4',
130 silly addNameRange     '4.10.5',
130 silly addNameRange     '3.18.5',
130 silly addNameRange     '3.18.6',
130 silly addNameRange     '4.10.6',
130 silly addNameRange     '4.10.7',
130 silly addNameRange     '3.19.0',
130 silly addNameRange     '4.10.8',
130 silly addNameRange     '4.11.0',
130 silly addNameRange     '3.19.1',
130 silly addNameRange     '4.11.1',
130 silly addNameRange     '3.19.2',
130 silly addNameRange     '4.11.2',
130 silly addNameRange     '3.20.0',
130 silly addNameRange     '4.12.0',
130 silly addNameRange     '3.20.1',
130 silly addNameRange     '4.12.1',
130 silly addNameRange     '4.12.2',
130 silly addNameRange     '3.20.2',
130 silly addNameRange     '4.12.3',
130 silly addNameRange     '3.20.3',
130 silly addNameRange     '4.12.4',
130 silly addNameRange     '3.21.0',
130 silly addNameRange     '4.13.0',
130 silly addNameRange     '3.21.1',
130 silly addNameRange     '4.13.1',
130 silly addNameRange     '5.0.0-alpha.2',
130 silly addNameRange     '3.21.2',
130 silly addNameRange     '4.13.2',
130 silly addNameRange     '4.13.3',
130 silly addNameRange     '4.13.4' ] ]
131 verbose addNamed [ 'express', '4.13.4' ]
132 verbose addNamed [ '4.13.4', '4.13.4' ]
133 silly lockFile 23607823-express-4-13-4 express@4.13.4
134 verbose lock express@4.13.4 /home/ads/.npm/23607823-express-4-13-4.lock
135 silly addNameRange number 2 { name: 'morgan', range: '*', hasData: true }
136 silly addNameRange versions [ 'morgan',
136 silly addNameRange   [ '1.0.0',
136 silly addNameRange     '1.0.1',
136 silly addNameRange     '1.1.0',
136 silly addNameRange     '1.1.1',
136 silly addNameRange     '1.2.0',
136 silly addNameRange     '1.2.1',
136 silly addNameRange     '1.2.2',
136 silly addNameRange     '1.2.3',
136 silly addNameRange     '1.3.0',
136 silly addNameRange     '1.3.1',
136 silly addNameRange     '1.3.2',
136 silly addNameRange     '1.4.0',
136 silly addNameRange     '1.4.1',
136 silly addNameRange     '1.5.0',
136 silly addNameRange     '1.5.1',
136 silly addNameRange     '1.5.2',
136 silly addNameRange     '1.5.3',
136 silly addNameRange     '1.6.0',
136 silly addNameRange     '1.6.1',
136 silly addNameRange     '1.7.0' ] ]
137 verbose addNamed [ 'morgan', '1.7.0' ]
138 verbose addNamed [ '1.7.0', '1.7.0' ]
139 silly lockFile 82b7dd69-morgan-1-7-0 morgan@1.7.0
140 verbose lock morgan@1.7.0 /home/ads/.npm/82b7dd69-morgan-1-7-0.lock
141 silly lockFile e55e3906-nwebtoken-jsonwebtoken-7-0-0-tgz https://registry.npmjs.org/jsonwebtoken/-/jsonwebtoken-7.0.0.tgz
142 verbose lock https://registry.npmjs.org/jsonwebtoken/-/jsonwebtoken-7.0.0.tgz /home/ads/.npm/e55e3906-nwebtoken-jsonwebtoken-7-0-0-tgz.lock
143 verbose addRemoteTarball [ 'https://registry.npmjs.org/jsonwebtoken/-/jsonwebtoken-7.0.0.tgz',
143 verbose addRemoteTarball   '0e1eb109cffe631db7dc0ec8c3face3b57f8f5c3' ]
144 info retry fetch attempt 1 at 15:52:26
145 verbose fetch to= /tmp/npm-2800-83R3ndG3/registry.npmjs.org/jsonwebtoken/-/jsonwebtoken-7.0.0.tgz
146 http GET https://registry.npmjs.org/jsonwebtoken/-/jsonwebtoken-7.0.0.tgz
147 silly lockFile 23607823-express-4-13-4 express@4.13.4
148 silly lockFile 23607823-express-4-13-4 express@4.13.4
149 silly lockFile 64a534c1-express express@
150 silly lockFile 64a534c1-express express@
151 silly lockFile 82b7dd69-morgan-1-7-0 morgan@1.7.0
152 silly lockFile 82b7dd69-morgan-1-7-0 morgan@1.7.0
153 silly lockFile aca3bbc6-morgan morgan@
154 silly lockFile aca3bbc6-morgan morgan@
155 http 200 https://registry.npmjs.org/body-parser
156 silly registry.get cb [ 200,
156 silly registry.get   { server: 'CouchDB/1.5.0 (Erlang OTP/R16B03)',
156 silly registry.get     etag: '"2DAACIB5IZU1GTZ6NG2LG344P"',
156 silly registry.get     'content-type': 'application/json',
156 silly registry.get     'content-encoding': 'gzip',
156 silly registry.get     'cache-control': 'max-age=300',
156 silly registry.get     'content-length': '15607',
156 silly registry.get     'accept-ranges': 'bytes',
156 silly registry.get     date: 'Tue, 14 Jun 2016 10:22:47 GMT',
156 silly registry.get     via: '1.1 varnish',
156 silly registry.get     age: '242',
156 silly registry.get     connection: 'keep-alive',
156 silly registry.get     'x-served-by': 'cache-sin6920-SIN',
156 silly registry.get     'x-cache': 'HIT',
156 silly registry.get     'x-cache-hits': '11',
156 silly registry.get     'x-timer': 'S1465899767.160309,VS0,VE0',
156 silly registry.get     vary: 'Accept-Encoding' } ]
157 silly addNameRange number 2 { name: 'body-parser', range: '*', hasData: true }
158 silly addNameRange versions [ 'body-parser',
158 silly addNameRange   [ '1.0.0',
158 silly addNameRange     '1.0.1',
158 silly addNameRange     '1.0.2',
158 silly addNameRange     '1.1.0',
158 silly addNameRange     '1.1.1',
158 silly addNameRange     '1.1.2',
158 silly addNameRange     '1.2.0',
158 silly addNameRange     '1.2.1',
158 silly addNameRange     '1.2.2',
158 silly addNameRange     '1.3.0',
158 silly addNameRange     '1.3.1',
158 silly addNameRange     '1.4.0',
158 silly addNameRange     '1.4.1',
158 silly addNameRange     '1.4.2',
158 silly addNameRange     '1.4.3',
158 silly addNameRange     '1.5.0',
158 silly addNameRange     '1.5.1',
158 silly addNameRange     '1.5.2',
158 silly addNameRange     '1.6.0',
158 silly addNameRange     '1.6.1',
158 silly addNameRange     '1.6.2',
158 silly addNameRange     '1.6.3',
158 silly addNameRange     '1.6.4',
158 silly addNameRange     '1.6.5',
158 silly addNameRange     '1.6.6',
158 silly addNameRange     '1.6.7',
158 silly addNameRange     '1.7.0',
158 silly addNameRange     '1.8.0',
158 silly addNameRange     '1.8.1',
158 silly addNameRange     '1.8.2',
158 silly addNameRange     '1.8.3',
158 silly addNameRange     '1.8.4',
158 silly addNameRange     '1.9.0',
158 silly addNameRange     '1.9.1',
158 silly addNameRange     '1.9.2',
158 silly addNameRange     '1.9.3',
158 silly addNameRange     '1.10.0',
158 silly addNameRange     '1.10.1',
158 silly addNameRange     '1.10.2',
158 silly addNameRange     '1.11.0',
158 silly addNameRange     '1.12.0',
158 silly addNameRange     '1.12.1',
158 silly addNameRange     '1.12.2',
158 silly addNameRange     '1.12.3',
158 silly addNameRange     '1.12.4',
158 silly addNameRange     '1.13.0',
158 silly addNameRange     '1.13.1',
158 silly addNameRange     '1.13.2',
158 silly addNameRange     '1.13.3',
158 silly addNameRange     '1.14.0',
158 silly addNameRange     '1.14.1',
158 silly addNameRange     '1.14.2',
158 silly addNameRange     '1.15.0',
158 silly addNameRange     '1.15.1' ] ]
159 verbose addNamed [ 'body-parser', '1.15.1' ]
160 verbose addNamed [ '1.15.1', '1.15.1' ]
161 silly lockFile 8267c655-body-parser-1-15-1 body-parser@1.15.1
162 verbose lock body-parser@1.15.1 /home/ads/.npm/8267c655-body-parser-1-15-1.lock
163 silly lockFile 8267c655-body-parser-1-15-1 body-parser@1.15.1
164 silly lockFile 8267c655-body-parser-1-15-1 body-parser@1.15.1
165 silly lockFile 9f665704-body-parser body-parser@
166 silly lockFile 9f665704-body-parser body-parser@
167 http 200 https://registry.npmjs.org/mongoose
168 silly registry.get cb [ 200,
168 silly registry.get   { server: 'CouchDB/1.5.0 (Erlang OTP/R16B03)',
168 silly registry.get     etag: '"F0O8X44CKSH0ZP2136BF2WPF5"',
168 silly registry.get     'content-type': 'application/json',
168 silly registry.get     'content-encoding': 'gzip',
168 silly registry.get     'cache-control': 'max-age=300',
168 silly registry.get     'content-length': '50438',
168 silly registry.get     'accept-ranges': 'bytes',
168 silly registry.get     date: 'Tue, 14 Jun 2016 10:22:47 GMT',
168 silly registry.get     via: '1.1 varnish',
168 silly registry.get     age: '82',
168 silly registry.get     connection: 'keep-alive',
168 silly registry.get     'x-served-by': 'cache-sin6924-SIN',
168 silly registry.get     'x-cache': 'HIT',
168 silly registry.get     'x-cache-hits': '1',
168 silly registry.get     'x-timer': 'S1465899767.161643,VS0,VE0',
168 silly registry.get     vary: 'Accept-Encoding' } ]
169 silly addNameRange number 2 { name: 'mongoose', range: '*', hasData: true }
170 silly addNameRange versions [ 'mongoose',
170 silly addNameRange   [ '0.0.1',
170 silly addNameRange     '0.0.2',
170 silly addNameRange     '0.0.3',
170 silly addNameRange     '0.0.4',
170 silly addNameRange     '0.0.5',
170 silly addNameRange     '1.0.0',
170 silly addNameRange     '1.0.1',
170 silly addNameRange     '1.0.2',
170 silly addNameRange     '0.0.6',
170 silly addNameRange     '1.0.3',
170 silly addNameRange     '1.0.4',
170 silly addNameRange     '1.0.5',
170 silly addNameRange     '1.0.6',
170 silly addNameRange     '1.0.7',
170 silly addNameRange     '1.0.8',
170 silly addNameRange     '1.0.10',
170 silly addNameRange     '1.0.11',
170 silly addNameRange     '1.0.12',
170 silly addNameRange     '1.0.13',
170 silly addNameRange     '1.0.14',
170 silly addNameRange     '1.0.15',
170 silly addNameRange     '1.0.16',
170 silly addNameRange     '1.1.0',
170 silly addNameRange     '1.1.1',
170 silly addNameRange     '1.1.2',
170 silly addNameRange     '1.1.3',
170 silly addNameRange     '1.1.4',
170 silly addNameRange     '1.1.5',
170 silly addNameRange     '1.1.6',
170 silly addNameRange     '1.1.7',
170 silly addNameRange     '1.1.8',
170 silly addNameRange     '1.1.9',
170 silly addNameRange     '1.1.10',
170 silly addNameRange     '1.1.11',
170 silly addNameRange     '1.1.12',
170 silly addNameRange     '1.1.13',
170 silly addNameRange     '1.1.14',
170 silly addNameRange     '1.1.15',
170 silly addNameRange     '1.1.16',
170 silly addNameRange     '1.1.17',
170 silly addNameRange     '1.1.18',
170 silly addNameRange     '1.1.19',
170 silly addNameRange     '1.1.20',
170 silly addNameRange     '1.1.21',
170 silly addNameRange     '1.1.22',
170 silly addNameRange     '1.1.23',
170 silly addNameRange     '1.1.24',
170 silly addNameRange     '1.1.25',
170 silly addNameRange     '1.2.0',
170 silly addNameRange     '1.3.0',
170 silly addNameRange     '1.3.1',
170 silly addNameRange     '1.3.2',
170 silly addNameRange     '1.3.3',
170 silly addNameRange     '1.3.4',
170 silly addNameRange     '1.3.5',
170 silly addNameRange     '1.3.6',
170 silly addNameRange     '1.3.7',
170 silly addNameRange     '1.4.0',
170 silly addNameRange     '1.5.0',
170 silly addNameRange     '1.6.0',
170 silly addNameRange     '1.7.2',
170 silly addNameRange     '1.7.3',
170 silly addNameRange     '1.7.4',
170 silly addNameRange     '1.8.0',
170 silly addNameRange     '1.8.1',
170 silly addNameRange     '1.8.2',
170 silly addNameRange     '1.8.3',
170 silly addNameRange     '1.8.4',
170 silly addNameRange     '2.0.0',
170 silly addNameRange     '2.0.1',
170 silly addNameRange     '2.0.2',
170 silly addNameRange     '2.0.3',
170 silly addNameRange     '2.0.4',
170 silly addNameRange     '2.1.0',
170 silly addNameRange     '2.1.1',
170 silly addNameRange     '2.1.2',
170 silly addNameRange     '2.1.3',
170 silly addNameRange     '2.1.4',
170 silly addNameRange     '2.2.0',
170 silly addNameRange     '2.2.1',
170 silly addNameRange     '2.2.2',
170 silly addNameRange     '2.2.3',
170 silly addNameRange     '2.2.4',
170 silly addNameRange     '2.3.0',
170 silly addNameRange     '2.3.1',
170 silly addNameRange     '2.3.2',
170 silly addNameRange     '2.3.3',
170 silly addNameRange     '2.3.4',
170 silly addNameRange     '2.3.5',
170 silly addNameRange     '2.3.6',
170 silly addNameRange     '2.3.7',
170 silly addNameRange     '2.3.8',
170 silly addNameRange     '2.3.9',
170 silly addNameRange     '2.3.10',
170 silly addNameRange     '2.3.11',
170 silly addNameRange     '2.3.12',
170 silly addNameRange     '2.3.13',
170 silly addNameRange     '2.4.0',
170 silly addNameRange     '2.4.1',
170 silly addNameRange     '2.4.2',
170 silly addNameRange     '2.4.3',
170 silly addNameRange     '2.4.4',
170 silly addNameRange     '2.4.5',
170 silly addNameRange     '2.4.6',
170 silly addNameRange     '2.4.7',
170 silly addNameRange     '2.4.8',
170 silly addNameRange     '2.4.9',
170 silly addNameRange     '2.4.10',
170 silly addNameRange     '2.5.0',
170 silly addNameRange     '2.5.1',
170 silly addNameRange     '2.5.2',
170 silly addNameRange     '2.5.3',
170 silly addNameRange     '2.5.4',
170 silly addNameRange     '2.5.5',
170 silly addNameRange     '2.5.6',
170 silly addNameRange     '2.5.7',
170 silly addNameRange     '2.5.8',
170 silly addNameRange     '2.5.9',
170 silly addNameRange     '2.5.10',
170 silly addNameRange     '2.5.11',
170 silly addNameRange     '2.5.12',
170 silly addNameRange     '2.5.13',
170 silly addNameRange     '2.5.14',
170 silly addNameRange     '2.6.0',
170 silly addNameRange     '2.6.1',
170 silly addNameRange     '2.6.2',
170 silly addNameRange     '2.6.3',
170 silly addNameRange     '2.6.4',
170 silly addNameRange     '2.6.5',
170 silly addNameRange     '2.6.6',
170 silly addNameRange     '2.6.7',
170 silly addNameRange     '2.6.8',
170 silly addNameRange     '2.7.0',
170 silly addNameRange     '2.7.1',
170 silly addNameRange     '2.7.2',
170 silly addNameRange     '2.7.4',
170 silly addNameRange     '2.7.3',
170 silly addNameRange     '3.0.0',
170 silly addNameRange     '3.0.1',
170 silly addNameRange     '3.0.2',
170 silly addNameRange     '2.8.0',
170 silly addNameRange     '3.0.3',
170 silly addNameRange     '3.1.0',
170 silly addNameRange     '2.8.1',
170 silly addNameRange     '3.1.1',
170 silly addNameRange     '2.8.2',
170 silly addNameRange     '2.8.3',
170 silly addNameRange     '2.9.0',
170 silly addNameRange     '3.2.0',
170 silly addNameRange     '2.9.1',
170 silly addNameRange     '3.2.1',
170 silly addNameRange     '2.9.2',
170 silly addNameRange     '3.2.2',
170 silly addNameRange     '3.3.0',
170 silly addNameRange     '3.3.1',
170 silly addNameRange     '2.9.3',
170 silly addNameRange     '3.4.0',
170 silly addNameRange     '2.9.4',
170 silly addNameRange     '2.9.5',
170 silly addNameRange     '3.5.0',
170 silly addNameRange     '3.5.1',
170 silly addNameRange     '3.5.2',
170 silly addNameRange     '3.5.3',
170 silly addNameRange     '2.9.6',
170 silly addNameRange     '2.9.7',
170 silly addNameRange     '3.5.4',
170 silly addNameRange     '3.5.5',
170 silly addNameRange     '2.9.8',
170 silly addNameRange     '2.9.9',
170 silly addNameRange     '3.5.6',
170 silly addNameRange     '3.5.7',
170 silly addNameRange     '3.5.8',
170 silly addNameRange     '2.9.10',
170 silly addNameRange     '3.5.9',
170 silly addNameRange     '3.6.2',
170 silly addNameRange     '3.5.10',
170 silly addNameRange     '3.6.3',
170 silly addNameRange     '3.5.11',
170 silly addNameRange     '3.6.4',
170 silly addNameRange     '3.6.5',
170 silly addNameRange     '3.6.6',
170 silly addNameRange     '3.6.7',
170 silly addNameRange     '3.5.12',
170 silly addNameRange     '3.6.8',
170 silly addNameRange     '3.6.9',
170 silly addNameRange     '3.6.10',
170 silly addNameRange     '3.5.13',
170 silly addNameRange     '3.5.14',
170 silly addNameRange     '3.6.11',
170 silly addNameRange     '3.6.12',
170 silly addNameRange     '3.6.13',
170 silly addNameRange     '3.6.14',
170 silly addNameRange     '3.6.15',
170 silly addNameRange     '3.5.15',
170 silly addNameRange     '3.7.0',
170 silly addNameRange     '3.6.16',
170 silly addNameRange     '3.5.16',
170 silly addNameRange     '3.6.17',
170 silly addNameRange     '3.7.2',
170 silly addNameRange     '3.0.0-alpha1',
170 silly addNameRange     '3.0.0-alpha2',
170 silly addNameRange     '3.0.0-rc0',
170 silly addNameRange     '3.6.0-rc0',
170 silly addNameRange     '3.6.0-rc1',
170 silly addNameRange     '3.6.18',
170 silly addNameRange     '3.7.3',
170 silly addNameRange     '3.6.19',
170 silly addNameRange     '3.6.20',
170 silly addNameRange     '3.7.4',
170 silly addNameRange     '3.8.0',
170 silly addNameRange     '3.8.1',
170 silly addNameRange     '3.8.2',
170 silly addNameRange     '3.8.3',
170 silly addNameRange     '3.8.4',
170 silly addNameRange     '3.8.5',
170 silly addNameRange     '3.8.6',
170 silly addNameRange     '3.8.7',
170 silly addNameRange     '3.8.8',
170 silly addNameRange     '3.8.9',
170 silly addNameRange     '3.8.10',
170 silly addNameRange     '3.8.11',
170 silly addNameRange     '3.9.0',
170 silly addNameRange     '3.8.12',
170 silly addNameRange     '3.8.13',
170 silly addNameRange     '3.8.14',
170 silly addNameRange     '3.8.15',
170 silly addNameRange     '3.9.1',
170 silly addNameRange     '3.8.16',
170 silly addNameRange     '3.9.2',
170 silly addNameRange     '3.8.17',
170 silly addNameRange     '3.9.3',
170 silly addNameRange     '3.8.18',
170 silly addNameRange     '3.9.4',
170 silly addNameRange     '3.8.19',
170 silly addNameRange     '3.9.5',
170 silly addNameRange     '3.8.20',
170 silly addNameRange     '3.9.6',
170 silly addNameRange     '3.8.21',
170 silly addNameRange     '3.9.7',
170 silly addNameRange     '3.8.22',
170 silly addNameRange     '4.0.0-rc0',
170 silly addNameRange     '4.0.0-rc1',
170 silly addNameRange     '3.8.23',
170 silly addNameRange     '4.0.0-rc2',
170 silly addNameRange     '3.8.24',
170 silly addNameRange     '4.0.0-rc3',
170 silly addNameRange     '3.8.25',
170 silly addNameRange     '4.0.0-rc4',
170 silly addNameRange     '4.0.0',
170 silly addNameRange     '4.0.1',
170 silly addNameRange     '3.8.26',
170 silly addNameRange     '3.8.27',
170 silly addNameRange     '4.0.2',
170 silly addNameRange     '3.8.28',
170 silly addNameRange     '4.0.3',
170 silly addNameRange     '3.8.29',
170 silly addNameRange     '4.0.4',
170 silly addNameRange     '3.8.30',
170 silly addNameRange     '4.0.5',
170 silly addNameRange     '3.8.31',
170 silly addNameRange     '4.0.6',
170 silly addNameRange     '3.8.33',
170 silly addNameRange     '4.0.7',
170 silly addNameRange     '3.8.34',
170 silly addNameRange     '4.0.8',
170 silly addNameRange     '4.1.0',
170 silly addNameRange     '4.1.1',
170 silly addNameRange     '4.1.2',
170 silly addNameRange     '3.8.35',
170 silly addNameRange     '4.1.3',
170 silly addNameRange     '4.1.5',
170 silly addNameRange     '4.1.6',
170 silly addNameRange     '4.1.7',
170 silly addNameRange     '4.1.8',
170 silly addNameRange     '4.1.9',
170 silly addNameRange     '4.1.10',
170 silly addNameRange     '4.1.11',
170 silly addNameRange     '3.8.36',
170 silly addNameRange     '4.1.12',
170 silly addNameRange     '4.2.0',
170 silly addNameRange     '4.2.1',
170 silly addNameRange     '4.2.2',
170 silly addNameRange     '4.2.3',
170 silly addNameRange     '4.2.4',
170 silly addNameRange     '4.2.5',
170 silly addNameRange     '3.8.37',
170 silly addNameRange     '4.2.6',
170 silly addNameRange     '4.2.7',
170 silly addNameRange     '4.2.8',
170 silly addNameRange     '4.2.9',
170 silly addNameRange     '4.2.10',
170 silly addNameRange     '4.3.0',
170 silly addNameRange     '4.3.1',
170 silly addNameRange     '4.3.2',
170 silly addNameRange     '4.3.3',
170 silly addNameRange     '4.3.4',
170 silly addNameRange     '3.8.38',
170 silly addNameRange     '4.3.5',
170 silly addNameRange     '4.3.6',
170 silly addNameRange     '3.8.39',
170 silly addNameRange     '4.3.7',
170 silly addNameRange     '4.4.0',
170 silly addNameRange     '4.4.1',
170 silly addNameRange     '4.4.2',
170 silly addNameRange     '4.4.3',
170 silly addNameRange     '4.4.4',
170 silly addNameRange     '4.4.5',
170 silly addNameRange     '4.4.6',
170 silly addNameRange     '4.4.7',
170 silly addNameRange     '4.4.8',
170 silly addNameRange     '4.4.9',
170 silly addNameRange     '4.4.10',
170 silly addNameRange     '4.4.11',
170 silly addNameRange     '4.4.12',
170 silly addNameRange     '4.4.13',
170 silly addNameRange     '3.8.40',
170 silly addNameRange     '4.4.14',
170 silly addNameRange     '4.4.15',
170 silly addNameRange     '4.4.16',
170 silly addNameRange     '4.4.17',
170 silly addNameRange     '4.4.18',
170 silly addNameRange     '4.4.19',
170 silly addNameRange     '4.4.20',
170 silly addNameRange     '4.5.0' ] ]
171 verbose addNamed [ 'mongoose', '4.5.0' ]
172 verbose addNamed [ '4.5.0', '4.5.0' ]
173 silly lockFile b6ad2d88-mongoose-4-5-0 mongoose@4.5.0
174 verbose lock mongoose@4.5.0 /home/ads/.npm/b6ad2d88-mongoose-4-5-0.lock
175 silly lockFile 743684e7--org-mongoose-mongoose-4-5-0-tgz https://registry.npmjs.org/mongoose/-/mongoose-4.5.0.tgz
176 verbose lock https://registry.npmjs.org/mongoose/-/mongoose-4.5.0.tgz /home/ads/.npm/743684e7--org-mongoose-mongoose-4-5-0-tgz.lock
177 verbose addRemoteTarball [ 'https://registry.npmjs.org/mongoose/-/mongoose-4.5.0.tgz',
177 verbose addRemoteTarball   'e6199c4c51eb216746581510f1a8d2be544522a1' ]
178 info retry fetch attempt 1 at 15:52:27
179 verbose fetch to= /tmp/npm-2800-83R3ndG3/registry.npmjs.org/mongoose/-/mongoose-4.5.0.tgz
180 http GET https://registry.npmjs.org/mongoose/-/mongoose-4.5.0.tgz
181 http 200 https://registry.npmjs.org/jsonwebtoken/-/jsonwebtoken-7.0.0.tgz
182 silly lockFile e55e3906-nwebtoken-jsonwebtoken-7-0-0-tgz https://registry.npmjs.org/jsonwebtoken/-/jsonwebtoken-7.0.0.tgz
183 silly lockFile e55e3906-nwebtoken-jsonwebtoken-7-0-0-tgz https://registry.npmjs.org/jsonwebtoken/-/jsonwebtoken-7.0.0.tgz
184 silly lockFile 11e4b76a-jsonwebtoken-7-0-0 jsonwebtoken@7.0.0
185 silly lockFile 11e4b76a-jsonwebtoken-7-0-0 jsonwebtoken@7.0.0
186 silly lockFile 500149be-jsonwebtoken jsonwebtoken@
187 silly lockFile 500149be-jsonwebtoken jsonwebtoken@
188 http 200 https://registry.npmjs.org/mongoose/-/mongoose-4.5.0.tgz
189 silly lockFile 743684e7--org-mongoose-mongoose-4-5-0-tgz https://registry.npmjs.org/mongoose/-/mongoose-4.5.0.tgz
190 silly lockFile 743684e7--org-mongoose-mongoose-4-5-0-tgz https://registry.npmjs.org/mongoose/-/mongoose-4.5.0.tgz
191 silly lockFile b6ad2d88-mongoose-4-5-0 mongoose@4.5.0
192 silly lockFile b6ad2d88-mongoose-4-5-0 mongoose@4.5.0
193 silly lockFile 3bb0fc31-mongoose mongoose@
194 silly lockFile 3bb0fc31-mongoose mongoose@
195 error Error: EACCES, mkdir '/home/ads/.npm/jsonwebtoken/7.0.0'
195 error  { [Error: EACCES, mkdir '/home/ads/.npm/jsonwebtoken/7.0.0']
195 error   errno: 3,
195 error   code: 'EACCES',
195 error   path: '/home/ads/.npm/jsonwebtoken/7.0.0',
195 error   parent: 'node-token-jwt' }
196 error Please try running this command again as root/Administrator.
197 error System Linux 3.16.0-71-generic
198 error command "/usr/bin/node" "/usr/bin/npm" "install" "express" "body-parser" "morgan" "mongoose" "jsonwebtoken" "--save"
199 error cwd /home/ads/developer/token_based
200 error node -v v0.10.37
201 error npm -v 1.4.28
202 error path /home/ads/.npm/jsonwebtoken/7.0.0
203 error code EACCES
204 error errno 3
205 error stack Error: EACCES, mkdir '/home/ads/.npm/jsonwebtoken/7.0.0'
206 verbose exit [ 3, true ]
